TN:
SF:/Users/mrmyers/HRIMMERSIVE/Photo-Carousel/client/src/setupTests.js
FN:8,(anonymous_0)
FN:11,(anonymous_1)
FN:12,(anonymous_2)
FN:18,(anonymous_3)
FNF:4
FNH:1
FNDA:1,(anonymous_0)
FNDA:0,(anonymous_1)
FNDA:0,(anonymous_2)
FNDA:0,(anonymous_3)
DA:4,2
DA:6,2
DA:9,1
DA:16,2
DA:19,0
LF:5
LH:4
BRDA:7,0,0,2
BRDA:7,0,1,2
BRDA:17,1,0,2
BRDA:17,1,1,1
BRF:4
BRH:4
end_of_record
TN:
SF:/Users/mrmyers/HRIMMERSIVE/Photo-Carousel/client/src/components/App.jsx
FN:13,(anonymous_0)
FN:21,(anonymous_1)
FN:26,(anonymous_2)
FN:29,(anonymous_3)
FN:37,(anonymous_4)
FNF:5
FNH:4
FNDA:1,(anonymous_0)
FNDA:1,(anonymous_1)
FNDA:1,(anonymous_2)
FNDA:0,(anonymous_3)
FNDA:1,(anonymous_4)
DA:7,2
DA:14,1
DA:15,1
DA:18,1
DA:22,1
DA:27,1
DA:28,1
DA:30,0
DA:38,1
LF:9
LH:8
BRF:0
BRH:0
end_of_record
TN:
SF:/Users/mrmyers/HRIMMERSIVE/Photo-Carousel/client/src/components/Carousel.jsx
FN:6,(anonymous_0)
FN:17,(anonymous_1)
FN:42,(anonymous_2)
FN:64,(anonymous_3)
FNF:4
FNH:2
FNDA:0,(anonymous_0)
FNDA:0,(anonymous_1)
FNDA:2,(anonymous_2)
FNDA:6,(anonymous_3)
DA:6,2
DA:7,0
DA:8,0
DA:17,2
DA:18,0
DA:19,0
DA:28,2
DA:33,2
DA:43,2
DA:55,2
DA:60,2
DA:65,6
LF:12
LH:8
BRF:0
BRH:0
end_of_record
TN:
SF:/Users/mrmyers/HRIMMERSIVE/Photo-Carousel/database/index.js
FN:6,(anonymous_0)
FNF:1
FNH:1
FNDA:1,(anonymous_0)
DA:1,1
DA:2,1
DA:4,1
DA:5,1
DA:6,1
DA:9,1
DA:22,1
DA:24,1
LF:8
LH:8
BRF:0
BRH:0
end_of_record
TN:
SF:/Users/mrmyers/HRIMMERSIVE/Photo-Carousel/server/index.js
FN:9,(anonymous_0)
FN:11,(anonymous_1)
FN:14,(anonymous_2)
FN:19,(anonymous_3)
FN:21,(anonymous_4)
FN:22,(anonymous_5)
FN:28,(anonymous_6)
FNF:7
FNH:5
FNDA:1,(anonymous_0)
FNDA:1,(anonymous_1)
FNDA:0,(anonymous_2)
FNDA:2,(anonymous_3)
FNDA:2,(anonymous_4)
FNDA:2,(anonymous_5)
FNDA:0,(anonymous_6)
DA:1,1
DA:2,1
DA:3,1
DA:4,1
DA:6,1
DA:7,1
DA:9,1
DA:10,1
DA:12,1
DA:15,0
DA:19,1
DA:20,2
DA:22,2
DA:23,2
DA:25,2
DA:26,2
DA:29,0
DA:35,1
LF:18
LH:16
BRF:0
BRH:0
end_of_record
